# JRE version: OpenJDK Runtime Environment Temurin-21.0.9+10 (21.0.9+10) (build 21.0.9+10-LTS)
# Java VM: OpenJDK 64-Bit Server VM Temurin-21.0.9+10 (21.0.9+10-LTS, mixed mode, sharing, tiered, compressed oops, compressed class ptrs, parallel gc, windows-amd64)
GC Precious Log:
 CardTable entry size: 512
 CPUs: 16 total, 16 available
 Memory: 16068M
 Large Page Support: Disabled
 NUMA Support: Disabled
 Compressed Oops: Enabled (32-bit)
 Alignments: Space 512K, Generation 512K, Heap 2M
 Heap Min Capacity: 100M
 Heap Initial Capacity: 100M
 Heap Max Capacity: 2G
 Pre-touch: Disabled
 Parallel Workers: 13
Heap:
 PSYoungGen      total 7168K, used 1423K [0x00000000d5580000, 0x00000000d5f00000, 0x0000000100000000)
  eden space 6656K, 14% used [0x00000000d5580000,0x00000000d566b318,0x00000000d5c00000)
  from space 512K, 94% used [0x00000000d5e00000,0x00000000d5e789a0,0x00000000d5e80000)
  to   space 512K, 0% used [0x00000000d5e80000,0x00000000d5e80000,0x00000000d5f00000)
 ParOldGen       total 186368K, used 186136K [0x0000000080000000, 0x000000008b600000, 0x00000000d5580000)
  object space 186368K, 99% used [0x0000000080000000,0x000000008b5c63e0,0x000000008b600000)
 Metaspace       used 79722K, committed 81344K, reserved 1179648K
  class space    used 8454K, committed 9152K, reserved 1048576K
GC Heap History (20 events):
Event: 1104.016 GC heap before
{Heap before GC invocations=119 (full 3):
 PSYoungGen      total 7168K, used 7162K [0x00000000d5580000, 0x00000000d6080000, 0x0000000100000000)
  eden space 6656K, 99% used [0x00000000d5580000,0x00000000d5bfffe8,0x00000000d5c00000)
  from space 512K, 98% used [0x00000000d5f80000,0x00000000d5ffe920,0x00000000d6000000)
  to   space 512K, 0% used [0x00000000d6000000,0x00000000d6000000,0x00000000d6080000)
 ParOldGen       total 178688K, used 178682K [0x0000000080000000, 0x000000008ae80000, 0x00000000d5580000)
  object space 178688K, 99% used [0x0000000080000000,0x000000008ae7eb90,0x000000008ae80000)
 Metaspace       used 77747K, committed 79360K, reserved 1179648K
  class space    used 8367K, committed 9024K, reserved 1048576K
}
Event: 1104.017 GC heap after
{Heap after GC invocations=119 (full 3):
 PSYoungGen      total 7168K, used 498K [0x00000000d5580000, 0x00000000d6080000, 0x0000000100000000)
  eden space 6656K, 0% used [0x00000000d5580000,0x00000000d5580000,0x00000000d5c00000)
  from space 512K, 97% used [0x00000000d6000000,0x00000000d607c858,0x00000000d6080000)
  to   space 1536K, 0% used [0x00000000d5d80000,0x00000000d5d80000,0x00000000d5f00000)
 ParOldGen       total 179712K, used 179588K [0x0000000080000000, 0x000000008af80000, 0x00000000d5580000)
  object space 179712K, 99% used [0x0000000080000000,0x000000008af611a8,0x000000008af80000)
 Metaspace       used 77747K, committed 79360K, reserved 1179648K
  class space    used 8367K, committed 9024K, reserved 1048576K
}
Event: 1104.096 GC heap before
{Heap before GC invocations=120 (full 3):
 PSYoungGen      total 7168K, used 7154K [0x00000000d5580000, 0x00000000d6080000, 0x0000000100000000)
  eden space 6656K, 100% used [0x00000000d5580000,0x00000000d5c00000,0x00000000d5c00000)
  from space 512K, 97% used [0x00000000d6000000,0x00000000d607c858,0x00000000d6080000)
  to   space 1536K, 0% used [0x00000000d5d80000,0x00000000d5d80000,0x00000000d5f00000)
 ParOldGen       total 179712K, used 179588K [0x0000000080000000, 0x000000008af80000, 0x00000000d5580000)
  object space 179712K, 99% used [0x0000000080000000,0x000000008af611a8,0x000000008af80000)
 Metaspace       used 78006K, committed 79616K, reserved 1179648K
  class space    used 8379K, committed 9088K, reserved 1048576K
}
Event: 1104.097 GC heap after
{Heap after GC invocations=120 (full 3):
 PSYoungGen      total 8192K, used 1072K [0x00000000d5580000, 0x00000000d6080000, 0x0000000100000000)
  eden space 6656K, 0% used [0x00000000d5580000,0x00000000d5580000,0x00000000d5c00000)
  from space 1536K, 69% used [0x00000000d5d80000,0x00000000d5e8c010,0x00000000d5f00000)
  to   space 1536K, 0% used [0x00000000d5f00000,0x00000000d5f00000,0x00000000d6080000)
 ParOldGen       total 180224K, used 179954K [0x0000000080000000, 0x000000008b000000, 0x00000000d5580000)
  object space 180224K, 99% used [0x0000000080000000,0x000000008afbca08,0x000000008b000000)
 Metaspace       used 78006K, committed 79616K, reserved 1179648K
  class space    used 8379K, committed 9088K, reserved 1048576K
}
Event: 1104.400 GC heap before
{Heap before GC invocations=121 (full 3):
 PSYoungGen      total 8192K, used 7727K [0x00000000d5580000, 0x00000000d6080000, 0x0000000100000000)
  eden space 6656K, 99% used [0x00000000d5580000,0x00000000d5bfffe0,0x00000000d5c00000)
  from space 1536K, 69% used [0x00000000d5d80000,0x00000000d5e8c010,0x00000000d5f00000)
  to   space 1536K, 0% used [0x00000000d5f00000,0x00000000d5f00000,0x00000000d6080000)
 ParOldGen       total 180224K, used 179954K [0x0000000080000000, 0x000000008b000000, 0x00000000d5580000)
  object space 180224K, 99% used [0x0000000080000000,0x000000008afbca08,0x000000008b000000)
 Metaspace       used 78187K, committed 79808K, reserved 1179648K
  class space    used 8380K, committed 9088K, reserved 1048576K
}
Event: 1104.401 GC heap after
{Heap after GC invocations=121 (full 3):
 PSYoungGen      total 7680K, used 538K [0x00000000d5580000, 0x00000000d6000000, 0x0000000100000000)
  eden space 6656K, 0% used [0x00000000d5580000,0x00000000d5580000,0x00000000d5c00000)
  from space 1024K, 52% used [0x00000000d5f00000,0x00000000d5f86920,0x00000000d6000000)
  to   space 1024K, 0% used [0x00000000d5e00000,0x00000000d5e00000,0x00000000d5f00000)
 ParOldGen       total 180736K, used 180690K [0x0000000080000000, 0x000000008b080000, 0x00000000d5580000)
  object space 180736K, 99% used [0x0000000080000000,0x000000008b0749d8,0x000000008b080000)
 Metaspace       used 78187K, committed 79808K, reserved 1179648K
  class space    used 8380K, committed 9088K, reserved 1048576K
}
Event: 1104.429 GC heap before
{Heap before GC invocations=122 (full 3):
 PSYoungGen      total 7680K, used 7194K [0x00000000d5580000, 0x00000000d6000000, 0x0000000100000000)
  eden space 6656K, 99% used [0x00000000d5580000,0x00000000d5bfffd8,0x00000000d5c00000)
  from space 1024K, 52% used [0x00000000d5f00000,0x00000000d5f86920,0x00000000d6000000)
  to   space 1024K, 0% used [0x00000000d5e00000,0x00000000d5e00000,0x00000000d5f00000)
 ParOldGen       total 180736K, used 180690K [0x0000000080000000, 0x000000008b080000, 0x00000000d5580000)
  object space 180736K, 99% used [0x0000000080000000,0x000000008b0749d8,0x000000008b080000)
 Metaspace       used 78258K, committed 79872K, reserved 1179648K
  class space    used 8382K, committed 9088K, reserved 1048576K
}
Event: 1104.430 GC heap after
{Heap after GC invocations=122 (full 3):
 PSYoungGen      total 7680K, used 762K [0x00000000d5580000, 0x00000000d5f80000, 0x0000000100000000)
  eden space 6656K, 0% used [0x00000000d5580000,0x00000000d5580000,0x00000000d5c00000)
  from space 1024K, 74% used [0x00000000d5e00000,0x00000000d5ebe900,0x00000000d5f00000)
  to   space 512K, 0% used [0x00000000d5f00000,0x00000000d5f00000,0x00000000d5f80000)
 ParOldGen       total 181248K, used 180930K [0x0000000080000000, 0x000000008b100000, 0x00000000d5580000)
  object space 181248K, 99% used [0x0000000080000000,0x000000008b0b09f8,0x000000008b100000)
 Metaspace       used 78258K, committed 79872K, reserved 1179648K
  class space    used 8382K, committed 9088K, reserved 1048576K
}
Event: 1104.538 GC heap before
{Heap before GC invocations=123 (full 3):
 PSYoungGen      total 7680K, used 7418K [0x00000000d5580000, 0x00000000d5f80000, 0x0000000100000000)
  eden space 6656K, 100% used [0x00000000d5580000,0x00000000d5c00000,0x00000000d5c00000)
  from space 1024K, 74% used [0x00000000d5e00000,0x00000000d5ebe900,0x00000000d5f00000)
  to   space 512K, 0% used [0x00000000d5f00000,0x00000000d5f00000,0x00000000d5f80000)
 ParOldGen       total 181248K, used 180930K [0x0000000080000000, 0x000000008b100000, 0x00000000d5580000)
  object space 181248K, 99% used [0x0000000080000000,0x000000008b0b09f8,0x000000008b100000)
 Metaspace       used 78528K, committed 80128K, reserved 1179648K
  class space    used 8383K, committed 9088K, reserved 1048576K
}
Event: 1104.539 GC heap after
{Heap after GC invocations=123 (full 3):
 PSYoungGen      total 7168K, used 490K [0x00000000d5580000, 0x00000000d5f80000, 0x0000000100000000)
  eden space 6656K, 0% used [0x00000000d5580000,0x00000000d5580000,0x00000000d5c00000)
  from space 512K, 95% used [0x00000000d5f00000,0x00000000d5f7a910,0x00000000d5f80000)
  to   space 1024K, 0% used [0x00000000d5d80000,0x00000000d5d80000,0x00000000d5e80000)
 ParOldGen       total 181248K, used 181208K [0x0000000080000000, 0x000000008b100000, 0x00000000d5580000)
  object space 181248K, 99% used [0x0000000080000000,0x000000008b0f6318,0x000000008b100000)
 Metaspace       used 78528K, committed 80128K, reserved 1179648K
  class space    used 8383K, committed 9088K, reserved 1048576K
}
Event: 1104.804 GC heap before
{Heap before GC invocations=124 (full 3):
 PSYoungGen      total 7168K, used 7146K [0x00000000d5580000, 0x00000000d5f80000, 0x0000000100000000)
  eden space 6656K, 100% used [0x00000000d5580000,0x00000000d5c00000,0x00000000d5c00000)
  from space 512K, 95% used [0x00000000d5f00000,0x00000000d5f7a910,0x00000000d5f80000)
  to   space 1024K, 0% used [0x00000000d5d80000,0x00000000d5d80000,0x00000000d5e80000)
 ParOldGen       total 181248K, used 181208K [0x0000000080000000, 0x000000008b100000, 0x00000000d5580000)
  object space 181248K, 99% used [0x0000000080000000,0x000000008b0f6318,0x000000008b100000)
 Metaspace       used 78679K, committed 80256K, reserved 1179648K
  class space    used 8386K, committed 9088K, reserved 1048576K
}
Event: 1104.805 GC heap after
{Heap after GC invocations=124 (full 3):
 PSYoungGen      total 7680K, used 384K [0x00000000d5580000, 0x00000000d5f80000, 0x0000000100000000)
  eden space 6656K, 0% used [0x00000000d5580000,0x00000000d5580000,0x00000000d5c00000)
  from space 1024K, 37% used [0x00000000d5d80000,0x00000000d5de0000,0x00000000d5e80000)
  to   space 1024K, 0% used [0x00000000d5e80000,0x00000000d5e80000,0x00000000d5f80000)
 ParOldGen       total 181760K, used 181619K [0x0000000080000000, 0x000000008b180000, 0x00000000d5580000)
  object space 181760K, 99% used [0x0000000080000000,0x000000008b15cc18,0x000000008b180000)
 Metaspace       used 78679K, committed 80256K, reserved 1179648K
  class space    used 8386K, committed 9088K, reserved 1048576K
}
Event: 1105.764 GC heap before
{Heap before GC invocations=125 (full 3):
 PSYoungGen      total 7680K, used 7040K [0x00000000d5580000, 0x00000000d5f80000, 0x0000000100000000)
  eden space 6656K, 100% used [0x00000000d5580000,0x00000000d5c00000,0x00000000d5c00000)
  from space 1024K, 37% used [0x00000000d5d80000,0x00000000d5de0000,0x00000000d5e80000)
  to   space 1024K, 0% used [0x00000000d5e80000,0x00000000d5e80000,0x00000000d5f80000)
 ParOldGen       total 181760K, used 181619K [0x0000000080000000, 0x000000008b180000, 0x00000000d5580000)
  object space 181760K, 99% used [0x0000000080000000,0x000000008b15cc18,0x000000008b180000)
 Metaspace       used 78820K, committed 80448K, reserved 1179648K
  class space    used 8389K, committed 9088K, reserved 1048576K
}
Event: 1105.765 GC heap after
{Heap after GC invocations=125 (full 3):
 PSYoungGen      total 7168K, used 352K [0x00000000d5580000, 0x00000000d5f00000, 0x0000000100000000)
  eden space 6656K, 0% used [0x00000000d5580000,0x00000000d5580000,0x00000000d5c00000)
  from space 512K, 68% used [0x00000000d5e80000,0x00000000d5ed8020,0x00000000d5f00000)
  to   space 512K, 0% used [0x00000000d5e00000,0x00000000d5e00000,0x00000000d5e80000)
 ParOldGen       total 182272K, used 181787K [0x0000000080000000, 0x000000008b200000, 0x00000000d5580000)
  object space 182272K, 99% used [0x0000000080000000,0x000000008b186c18,0x000000008b200000)
 Metaspace       used 78820K, committed 80448K, reserved 1179648K
  class space    used 8389K, committed 9088K, reserved 1048576K
}
Event: 1107.675 GC heap before
{Heap before GC invocations=126 (full 3):
 PSYoungGen      total 7168K, used 7008K [0x00000000d5580000, 0x00000000d5f00000, 0x0000000100000000)
  eden space 6656K, 100% used [0x00000000d5580000,0x00000000d5c00000,0x00000000d5c00000)
  from space 512K, 68% used [0x00000000d5e80000,0x00000000d5ed8020,0x00000000d5f00000)
  to   space 512K, 0% used [0x00000000d5e00000,0x00000000d5e00000,0x00000000d5e80000)
 ParOldGen       total 182272K, used 181787K [0x0000000080000000, 0x000000008b200000, 0x00000000d5580000)
  object space 182272K, 99% used [0x0000000080000000,0x000000008b186c18,0x000000008b200000)
 Metaspace       used 79306K, committed 80896K, reserved 1179648K
  class space    used 8434K, committed 9088K, reserved 1048576K
}
Event: 1107.676 GC heap after
{Heap after GC invocations=126 (full 3):
 PSYoungGen      total 7168K, used 404K [0x00000000d5580000, 0x00000000d5f00000, 0x0000000100000000)
  eden space 6656K, 0% used [0x00000000d5580000,0x00000000d5580000,0x00000000d5c00000)
  from space 512K, 79% used [0x00000000d5e00000,0x00000000d5e65200,0x00000000d5e80000)
  to   space 512K, 0% used [0x00000000d5e80000,0x00000000d5e80000,0x00000000d5f00000)
 ParOldGen       total 182272K, used 181923K [0x0000000080000000, 0x000000008b200000, 0x00000000d5580000)
  object space 182272K, 99% used [0x0000000080000000,0x000000008b1a8c38,0x000000008b200000)
 Metaspace       used 79306K, committed 80896K, reserved 1179648K
  class space    used 8434K, committed 9088K, reserved 1048576K
}
Event: 1596.243 GC heap before
{Heap before GC invocations=127 (full 3):
 PSYoungGen      total 7168K, used 7060K [0x00000000d5580000, 0x00000000d5f00000, 0x0000000100000000)
  eden space 6656K, 100% used [0x00000000d5580000,0x00000000d5c00000,0x00000000d5c00000)
  from space 512K, 79% used [0x00000000d5e00000,0x00000000d5e65200,0x00000000d5e80000)
  to   space 512K, 0% used [0x00000000d5e80000,0x00000000d5e80000,0x00000000d5f00000)
 ParOldGen       total 182272K, used 181923K [0x0000000080000000, 0x000000008b200000, 0x00000000d5580000)
  object space 182272K, 99% used [0x0000000080000000,0x000000008b1a8c38,0x000000008b200000)
 Metaspace       used 79554K, committed 81216K, reserved 1179648K
  class space    used 8454K, committed 9152K, reserved 1048576K
}
Event: 1596.244 GC heap after
{Heap after GC invocations=127 (full 3):
 PSYoungGen      total 7168K, used 448K [0x00000000d5580000, 0x00000000d5f00000, 0x0000000100000000)
  eden space 6656K, 0% used [0x00000000d5580000,0x00000000d5580000,0x00000000d5c00000)
  from space 512K, 87% used [0x00000000d5e80000,0x00000000d5ef0020,0x00000000d5f00000)
  to   space 512K, 0% used [0x00000000d5e00000,0x00000000d5e00000,0x00000000d5e80000)
 ParOldGen       total 182272K, used 182059K [0x0000000080000000, 0x000000008b200000, 0x00000000d5580000)
  object space 182272K, 99% used [0x0000000080000000,0x000000008b1cac38,0x000000008b200000)
 Metaspace       used 79554K, committed 81216K, reserved 1179648K
  class space    used 8454K, committed 9152K, reserved 1048576K
}
Event: 1596.610 GC heap before
{Heap before GC invocations=128 (full 3):
 PSYoungGen      total 7168K, used 7104K [0x00000000d5580000, 0x00000000d5f00000, 0x0000000100000000)
  eden space 6656K, 100% used [0x00000000d5580000,0x00000000d5c00000,0x00000000d5c00000)
  from space 512K, 87% used [0x00000000d5e80000,0x00000000d5ef0020,0x00000000d5f00000)
  to   space 512K, 0% used [0x00000000d5e00000,0x00000000d5e00000,0x00000000d5e80000)
 ParOldGen       total 182272K, used 182059K [0x0000000080000000, 0x000000008b200000, 0x00000000d5580000)
  object space 182272K, 99% used [0x0000000080000000,0x000000008b1cac38,0x000000008b200000)
 Metaspace       used 79659K, committed 81280K, reserved 1179648K
  class space    used 8454K, committed 9152K, reserved 1048576K
}
Event: 1596.613 GC heap after
{Heap after GC invocations=128 (full 3):
 PSYoungGen      total 7168K, used 482K [0x00000000d5580000, 0x00000000d5f00000, 0x0000000100000000)
  eden space 6656K, 0% used [0x00000000d5580000,0x00000000d5580000,0x00000000d5c00000)
  from space 512K, 94% used [0x00000000d5e00000,0x00000000d5e789a0,0x00000000d5e80000)
  to   space 512K, 0% used [0x00000000d5e80000,0x00000000d5e80000,0x00000000d5f00000)
 ParOldGen       total 186368K, used 186136K [0x0000000080000000, 0x000000008b600000, 0x00000000d5580000)
  object space 186368K, 99% used [0x0000000080000000,0x000000008b5c63e0,0x000000008b600000)
 Metaspace       used 79659K, committed 81280K, reserved 1179648K
  class space    used 8454K, committed 9152K, reserved 1048576K
}

